Arguments: 
  C:\Program Files\nodejs\node.exe C:\Users\OSUIDE O.C\AppData\Roaming\npm\node_modules\yarn\bin\yarn.js dev

PATH: 
  C:\Program Files (x86)\Common Files\Intel\Shared Libraries\redist\intel64\compiler;C:\Program Files (x86)\NVIDIA Corporation\PhysX\Common;C:\Program Files (x86)\Intel\iCLS Client\;C:\Program Files\Intel\iCLS Client\;C:\Windows\system32;C:\Windows;C:\Windows\System32\Wbem;C:\Windows\System32\WindowsPowerShell\v1.0\;C:\Program Files (x86)\Intel\Intel(R) Management Engine Components\DAL;C:\Program Files\Intel\Intel(R) Management Engine Components\DAL;C:\Program Files (x86)\Intel\Intel(R) Management Engine Components\IPT;C:\Program Files\Intel\Intel(R) Management Engine Components\IPT;C:\Program Files (x86)\Windows Kits\8.1\Windows Performance Toolkit\;C:\Program Files (x86)\Microsoft SQL Server\80\Tools\Binn\;C:\Program Files\Microsoft SQL Server\110\Tools\Binn\;C:\Program Files (x86)\Common Files\AspenTech Shared\;C:\WINDOWS\system32;C:\WINDOWS;C:\WINDOWS\System32\Wbem;C:\WINDOWS\System32\WindowsPowerShell\v1.0\;C:\Program Files (x86)\WinTask\Bin;C:\Program Files\nodejs\;C:\WINDOWS\System32\OpenSSH\;C:\Program Files\Git\cmd;AspenTech\Aspen Hydraulics;C:\Users\OSUIDE O.C\AppData\Local\Microsoft\WindowsApps;C:\Users\OSUIDE O.C\AppData\Roaming\npm;

Yarn version: 
  1.10.1

Node version: 
  8.11.2

Platform: 
  win32 x64

Trace: 
  SyntaxError: C:\Users\OSUIDE O.C\Documents\debatest\login-auth-flow\package.json: Unexpected token } in JSON at position 678
      at JSON.parse (<anonymous>)
      at C:\Users\OSUIDE O.C\AppData\Roaming\npm\node_modules\yarn\lib\cli.js:1136:59
      at Generator.next (<anonymous>)
      at step (C:\Users\OSUIDE O.C\AppData\Roaming\npm\node_modules\yarn\lib\cli.js:98:30)
      at C:\Users\OSUIDE O.C\AppData\Roaming\npm\node_modules\yarn\lib\cli.js:109:13
      at <anonymous>

npm manifest: 
  {
    "name": "server",
    "version": "1.0.0",
    "description": "login auth flow with passport",
    "main": "index.js",
    "license": "MIT",
    "scripts": {
      "start": "nodemon index.js",
      "client": "cd client && npm start",
      "server": "nodemon server/index.js",
      "dev": "concurrently --kill-others-on-fail \"yarn server\" \"yarn client\""
    },
    "dependencies": {
      "bcrypt-nodejs": "^0.0.3",
      "bcryptjs": "^2.4.3",
      "body-parser": "^1.18.3",
      "express": "^4.16.3",
      "jwt-simple": "^0.5.3",
      "mongoose": "^5.2.17",
      "morgan": "^1.9.1",
      "nodemon": "^1.18.4",
      "passport": "^0.4.0",
      "passport-jwt": "^4.0.0",
      "passport-local": "^1.0.0",
    },
    "devDependencies": {
      "concurrently": "^3.5.0"
    }
  }

yarn manifest: 
  No manifest

Lockfile: 
  No lockfile
